[20-Sep-2021 08:23:02 UTC] PHP Warning:  An unexpected error occurred. Something may be wrong with WordPress.org or this server&#8217;s configuration. If you continue to have problems, please try the <a href="https://wordpress.org/support/forums/">support forums</a>. (WordPress could not establish a secure connection to WordPress.org. Please contact your server administrator.) in C:\Users\Admin\Local Sites\paozupperroom\app\public\wp-admin\includes\update.php on line 143
[20-Sep-2021 08:23:02 UTC] PHP Stack trace:
[20-Sep-2021 08:23:02 UTC] PHP   1. {main}() C:\Users\Admin\Local Sites\paozupperroom\app\public\wp-admin\update-core.php:0
[20-Sep-2021 08:23:02 UTC] PHP   2. do_core_upgrade() C:\Users\Admin\Local Sites\paozupperroom\app\public\wp-admin\update-core.php:1106
[20-Sep-2021 08:23:02 UTC] PHP   3. Core_Upgrader->upgrade() C:\Users\Admin\Local Sites\paozupperroom\app\public\wp-admin\update-core.php:877
[20-Sep-2021 08:23:02 UTC] PHP   4. Core_Upgrader->check_files() C:\Users\Admin\Local Sites\paozupperroom\app\public\wp-admin\includes\class-core-upgrader.php:95
[20-Sep-2021 08:23:02 UTC] PHP   5. get_core_checksums() C:\Users\Admin\Local Sites\paozupperroom\app\public\wp-admin\includes\class-core-upgrader.php:400
[20-Sep-2021 08:23:02 UTC] PHP   6. trigger_error() C:\Users\Admin\Local Sites\paozupperroom\app\public\wp-admin\includes\update.php:143
[20-Sep-2021 08:24:42 UTC] PHP Warning:  An unexpected error occurred. Something may be wrong with WordPress.org or this server&#8217;s configuration. If you continue to have problems, please try the <a href="https://wordpress.org/support/forums/">support forums</a>. (WordPress could not establish a secure connection to WordPress.org. Please contact your server administrator.) in C:\Users\Admin\Local Sites\paozupperroom\app\public\wp-admin\includes\update.php on line 143
[20-Sep-2021 08:24:42 UTC] PHP Stack trace:
[20-Sep-2021 08:24:42 UTC] PHP   1. {main}() C:\Users\Admin\Local Sites\paozupperroom\app\public\wp-admin\update-core.php:0
[20-Sep-2021 08:24:42 UTC] PHP   2. do_core_upgrade() C:\Users\Admin\Local Sites\paozupperroom\app\public\wp-admin\update-core.php:1106
[20-Sep-2021 08:24:42 UTC] PHP   3. Core_Upgrader->upgrade() C:\Users\Admin\Local Sites\paozupperroom\app\public\wp-admin\update-core.php:877
[20-Sep-2021 08:24:42 UTC] PHP   4. Core_Upgrader->check_files() C:\Users\Admin\Local Sites\paozupperroom\app\public\wp-admin\includes\class-core-upgrader.php:95
[20-Sep-2021 08:24:42 UTC] PHP   5. get_core_checksums() C:\Users\Admin\Local Sites\paozupperroom\app\public\wp-admin\includes\class-core-upgrader.php:400
[20-Sep-2021 08:24:42 UTC] PHP   6. trigger_error() C:\Users\Admin\Local Sites\paozupperroom\app\public\wp-admin\includes\update.php:143
[20-Sep-2021 08:32:10 UTC] PHP Warning:  An unexpected error occurred. Something may be wrong with WordPress.org or this server&#8217;s configuration. If you continue to have problems, please try the <a href="https://wordpress.org/support/forums/">support forums</a>. (WordPress could not establish a secure connection to WordPress.org. Please contact your server administrator.) in C:\Users\Admin\Local Sites\paozupperroom\app\public\wp-admin\includes\update.php on line 143
[20-Sep-2021 08:32:10 UTC] PHP Stack trace:
[20-Sep-2021 08:32:10 UTC] PHP   1. {main}() C:\Users\Admin\Local Sites\paozupperroom\app\public\wp-admin\update-core.php:0
[20-Sep-2021 08:32:10 UTC] PHP   2. do_core_upgrade() C:\Users\Admin\Local Sites\paozupperroom\app\public\wp-admin\update-core.php:1106
[20-Sep-2021 08:32:10 UTC] PHP   3. Core_Upgrader->upgrade() C:\Users\Admin\Local Sites\paozupperroom\app\public\wp-admin\update-core.php:877
[20-Sep-2021 08:32:10 UTC] PHP   4. Core_Upgrader->check_files() C:\Users\Admin\Local Sites\paozupperroom\app\public\wp-admin\includes\class-core-upgrader.php:95
[20-Sep-2021 08:32:10 UTC] PHP   5. get_core_checksums() C:\Users\Admin\Local Sites\paozupperroom\app\public\wp-admin\includes\class-core-upgrader.php:400
[20-Sep-2021 08:32:10 UTC] PHP   6. trigger_error() C:\Users\Admin\Local Sites\paozupperroom\app\public\wp-admin\includes\update.php:143
[20-Sep-2021 08:32:57 UTC] PHP Warning:  An unexpected error occurred. Something may be wrong with WordPress.org or this server&#8217;s configuration. If you continue to have problems, please try the <a href="https://wordpress.org/support/forums/">support forums</a>. (WordPress could not establish a secure connection to WordPress.org. Please contact your server administrator.) in C:\Users\Admin\Local Sites\paozupperroom\app\public\wp-admin\includes\update.php on line 143
[20-Sep-2021 08:32:57 UTC] PHP Stack trace:
[20-Sep-2021 08:32:57 UTC] PHP   1. {main}() C:\Users\Admin\Local Sites\paozupperroom\app\public\wp-admin\update-core.php:0
[20-Sep-2021 08:32:57 UTC] PHP   2. do_core_upgrade() C:\Users\Admin\Local Sites\paozupperroom\app\public\wp-admin\update-core.php:1106
[20-Sep-2021 08:32:57 UTC] PHP   3. Core_Upgrader->upgrade() C:\Users\Admin\Local Sites\paozupperroom\app\public\wp-admin\update-core.php:877
[20-Sep-2021 08:32:57 UTC] PHP   4. update_core() C:\Users\Admin\Local Sites\paozupperroom\app\public\wp-admin\includes\class-core-upgrader.php:172
[20-Sep-2021 08:32:57 UTC] PHP   5. get_core_checksums() C:\Users\Admin\Local Sites\paozupperroom\app\public\wp-admin\includes\update-core.php:1094
[20-Sep-2021 08:32:57 UTC] PHP   6. trigger_error() C:\Users\Admin\Local Sites\paozupperroom\app\public\wp-admin\includes\update.php:143
[20-Sep-2021 08:34:10 UTC] PHP Warning:  An unexpected error occurred. Something may be wrong with WordPress.org or this server&#8217;s configuration. If you continue to have problems, please try the <a href="https://wordpress.org/support/forums/">support forums</a>. (WordPress could not establish a secure connection to WordPress.org. Please contact your server administrator.) in C:\Users\Admin\Local Sites\paozupperroom\app\public\wp-includes\update.php on line 693
[20-Sep-2021 08:34:10 UTC] PHP Stack trace:
[20-Sep-2021 08:34:10 UTC] PHP   1. {main}() C:\Users\Admin\Local Sites\paozupperroom\app\public\wp-admin\update-core.php:0
[20-Sep-2021 08:34:10 UTC] PHP   2. do_core_upgrade() C:\Users\Admin\Local Sites\paozupperroom\app\public\wp-admin\update-core.php:1106
[20-Sep-2021 08:34:10 UTC] PHP   3. Core_Upgrader->upgrade() C:\Users\Admin\Local Sites\paozupperroom\app\public\wp-admin\update-core.php:877
[20-Sep-2021 08:34:10 UTC] PHP   4. do_action() C:\Users\Admin\Local Sites\paozupperroom\app\public\wp-admin\includes\class-core-upgrader.php:219
[20-Sep-2021 08:34:10 UTC] PHP   5. WP_Hook->do_action() C:\Users\Admin\Local Sites\paozupperroom\app\public\wp-includes\plugin.php:470
[20-Sep-2021 08:34:10 UTC] PHP   6. WP_Hook->apply_filters() C:\Users\Admin\Local Sites\paozupperroom\app\public\wp-includes\class-wp-hook.php:327
[20-Sep-2021 08:34:10 UTC] PHP   7. wp_update_themes() C:\Users\Admin\Local Sites\paozupperroom\app\public\wp-includes\class-wp-hook.php:301
[20-Sep-2021 08:34:10 UTC] PHP   8. trigger_error() C:\Users\Admin\Local Sites\paozupperroom\app\public\wp-includes\update.php:693
[20-Sep-2021 10:44:55 UTC] PHP Warning:  Invalid argument supplied for foreach() in C:\Users\Admin\Local Sites\paozupperroom\app\public\wp-admin\includes\theme.php on line 607
[20-Sep-2021 10:44:55 UTC] PHP Stack trace:
[20-Sep-2021 10:44:55 UTC] PHP   1. {main}() C:\Users\Admin\Local Sites\paozupperroom\app\public\wp-admin\admin-ajax.php:0
[20-Sep-2021 10:44:55 UTC] PHP   2. do_action() C:\Users\Admin\Local Sites\paozupperroom\app\public\wp-admin\admin-ajax.php:187
[20-Sep-2021 10:44:55 UTC] PHP   3. WP_Hook->do_action() C:\Users\Admin\Local Sites\paozupperroom\app\public\wp-includes\plugin.php:470
[20-Sep-2021 10:44:55 UTC] PHP   4. WP_Hook->apply_filters() C:\Users\Admin\Local Sites\paozupperroom\app\public\wp-includes\class-wp-hook.php:327
[20-Sep-2021 10:44:55 UTC] PHP   5. wp_ajax_query_themes() C:\Users\Admin\Local Sites\paozupperroom\app\public\wp-includes\class-wp-hook.php:303
[20-Sep-2021 10:44:55 UTC] PHP   6. themes_api() C:\Users\Admin\Local Sites\paozupperroom\app\public\wp-admin\includes\ajax-actions.php:3553
[20-Sep-2021 10:45:55 UTC] PHP Warning:  Invalid argument supplied for foreach() in C:\Users\Admin\Local Sites\paozupperroom\app\public\wp-admin\includes\theme.php on line 607
[20-Sep-2021 10:45:55 UTC] PHP Stack trace:
[20-Sep-2021 10:45:55 UTC] PHP   1. {main}() C:\Users\Admin\Local Sites\paozupperroom\app\public\wp-admin\admin-ajax.php:0
[20-Sep-2021 10:45:55 UTC] PHP   2. do_action() C:\Users\Admin\Local Sites\paozupperroom\app\public\wp-admin\admin-ajax.php:187
[20-Sep-2021 10:45:55 UTC] PHP   3. WP_Hook->do_action() C:\Users\Admin\Local Sites\paozupperroom\app\public\wp-includes\plugin.php:470
[20-Sep-2021 10:45:55 UTC] PHP   4. WP_Hook->apply_filters() C:\Users\Admin\Local Sites\paozupperroom\app\public\wp-includes\class-wp-hook.php:327
[20-Sep-2021 10:45:55 UTC] PHP   5. wp_ajax_query_themes() C:\Users\Admin\Local Sites\paozupperroom\app\public\wp-includes\class-wp-hook.php:303
[20-Sep-2021 10:45:55 UTC] PHP   6. themes_api() C:\Users\Admin\Local Sites\paozupperroom\app\public\wp-admin\includes\ajax-actions.php:3553
[20-Sep-2021 10:46:30 UTC] PHP Warning:  Invalid argument supplied for foreach() in C:\Users\Admin\Local Sites\paozupperroom\app\public\wp-admin\includes\theme.php on line 607
[20-Sep-2021 10:46:30 UTC] PHP Stack trace:
[20-Sep-2021 10:46:30 UTC] PHP   1. {main}() C:\Users\Admin\Local Sites\paozupperroom\app\public\wp-admin\admin-ajax.php:0
[20-Sep-2021 10:46:30 UTC] PHP   2. do_action() C:\Users\Admin\Local Sites\paozupperroom\app\public\wp-admin\admin-ajax.php:187
[20-Sep-2021 10:46:30 UTC] PHP   3. WP_Hook->do_action() C:\Users\Admin\Local Sites\paozupperroom\app\public\wp-includes\plugin.php:470
[20-Sep-2021 10:46:30 UTC] PHP   4. WP_Hook->apply_filters() C:\Users\Admin\Local Sites\paozupperroom\app\public\wp-includes\class-wp-hook.php:327
[20-Sep-2021 10:46:30 UTC] PHP   5. wp_ajax_query_themes() C:\Users\Admin\Local Sites\paozupperroom\app\public\wp-includes\class-wp-hook.php:303
[20-Sep-2021 10:46:30 UTC] PHP   6. themes_api() C:\Users\Admin\Local Sites\paozupperroom\app\public\wp-admin\includes\ajax-actions.php:3553
[30-Sep-2021 10:19:56 UTC] PHP Warning:  An unexpected error occurred. Something may be wrong with WordPress.org or this server&#8217;s configuration. If you continue to have problems, please try the <a href="https://wordpress.org/support/forums/">support forums</a>. (WordPress could not establish a secure connection to WordPress.org. Please contact your server administrator.) in C:\Users\Admin\Local Sites\paozupperroom\app\public\wp-includes\update.php on line 693
[30-Sep-2021 10:19:56 UTC] PHP Stack trace:
[30-Sep-2021 10:19:56 UTC] PHP   1. {main}() C:\Users\Admin\Local Sites\paozupperroom\app\public\wp-admin\update.php:0
[30-Sep-2021 10:19:56 UTC] PHP   2. Theme_Upgrader->install() C:\Users\Admin\Local Sites\paozupperroom\app\public\wp-admin\update.php:314
[30-Sep-2021 10:19:56 UTC] PHP   3. Theme_Upgrader->run() C:\Users\Admin\Local Sites\paozupperroom\app\public\wp-admin\includes\class-theme-upgrader.php:250
[30-Sep-2021 10:19:56 UTC] PHP   4. do_action() C:\Users\Admin\Local Sites\paozupperroom\app\public\wp-admin\includes\class-wp-upgrader.php:857
[30-Sep-2021 10:19:56 UTC] PHP   5. WP_Hook->do_action() C:\Users\Admin\Local Sites\paozupperroom\app\public\wp-includes\plugin.php:470
[30-Sep-2021 10:19:56 UTC] PHP   6. WP_Hook->apply_filters() C:\Users\Admin\Local Sites\paozupperroom\app\public\wp-includes\class-wp-hook.php:327
[30-Sep-2021 10:19:56 UTC] PHP   7. wp_update_themes() C:\Users\Admin\Local Sites\paozupperroom\app\public\wp-includes\class-wp-hook.php:301
[30-Sep-2021 10:19:56 UTC] PHP   8. trigger_error() C:\Users\Admin\Local Sites\paozupperroom\app\public\wp-includes\update.php:693
[30-Sep-2021 10:20:20 UTC] PHP Warning:  An unexpected error occurred. Something may be wrong with WordPress.org or this server&#8217;s configuration. If you continue to have problems, please try the <a href="https://wordpress.org/support/forums/">support forums</a>. (WordPress could not establish a secure connection to WordPress.org. Please contact your server administrator.) in C:\Users\Admin\Local Sites\paozupperroom\app\public\wp-includes\update.php on line 413
[30-Sep-2021 10:20:20 UTC] PHP Stack trace:
[30-Sep-2021 10:20:20 UTC] PHP   1. {main}() C:\Users\Admin\Local Sites\paozupperroom\app\public\wp-admin\update.php:0
[30-Sep-2021 10:20:20 UTC] PHP   2. Theme_Upgrader->install() C:\Users\Admin\Local Sites\paozupperroom\app\public\wp-admin\update.php:314
[30-Sep-2021 10:20:20 UTC] PHP   3. Theme_Upgrader->run() C:\Users\Admin\Local Sites\paozupperroom\app\public\wp-admin\includes\class-theme-upgrader.php:250
[30-Sep-2021 10:20:20 UTC] PHP   4. do_action() C:\Users\Admin\Local Sites\paozupperroom\app\public\wp-admin\includes\class-wp-upgrader.php:857
[30-Sep-2021 10:20:20 UTC] PHP   5. WP_Hook->do_action() C:\Users\Admin\Local Sites\paozupperroom\app\public\wp-includes\plugin.php:470
[30-Sep-2021 10:20:20 UTC] PHP   6. WP_Hook->apply_filters() C:\Users\Admin\Local Sites\paozupperroom\app\public\wp-includes\class-wp-hook.php:327
[30-Sep-2021 10:20:20 UTC] PHP   7. wp_update_plugins() C:\Users\Admin\Local Sites\paozupperroom\app\public\wp-includes\class-wp-hook.php:301
[30-Sep-2021 10:20:20 UTC] PHP   8. trigger_error() C:\Users\Admin\Local Sites\paozupperroom\app\public\wp-includes\update.php:413
