[Wed Sep 08 09:24:45.609556 2021] [mpm_winnt:notice] [pid 10792:tid 912] AH00455: Apache/2.4.43 (Win32) configured -- resuming normal operations
[Wed Sep 08 09:24:45.620560 2021] [mpm_winnt:notice] [pid 10792:tid 912] AH00456: Server built: Apr 21 2020 13:46:54
[Wed Sep 08 09:24:45.621554 2021] [core:notice] [pid 10792:tid 912] AH00094: Command line: 'C:\\Users\\Admin\\AppData\\Roaming\\Local\\lightning-services\\apache-2.4.43+6\\bin\\win32\\bin\\httpd.exe -d C:/Users/Admin/AppData/Roaming/Local/lightning-services/apache-2.4.43+6/bin/win32 -D FOREGROUND -f C:\\Users\\Admin\\AppData\\Roaming\\Local\\run\\2zPgOmQfQ\\conf\\apache\\apache2.conf'
[Wed Sep 08 09:24:45.656556 2021] [mpm_winnt:notice] [pid 10792:tid 912] AH00418: Parent: Created child process 12864
[Wed Sep 08 09:25:01.627328 2021] [mpm_winnt:notice] [pid 12864:tid 856] AH00354: Child: Starting 64 worker threads.
[Thu Sep 16 09:36:43.933077 2021] [core:warn] [pid 10988:tid 864] AH00098: pid file C:/Users/Admin/AppData/Roaming/Local/run/2zPgOmQfQ/apache/logs/httpd.pid overwritten -- Unclean shutdown of previous Apache run?
[Thu Sep 16 09:36:43.971074 2021] [mpm_winnt:notice] [pid 10988:tid 864] AH00455: Apache/2.4.43 (Win32) configured -- resuming normal operations
[Thu Sep 16 09:36:43.971074 2021] [mpm_winnt:notice] [pid 10988:tid 864] AH00456: Server built: Apr 21 2020 13:46:54
[Thu Sep 16 09:36:43.971074 2021] [core:notice] [pid 10988:tid 864] AH00094: Command line: 'C:\\Users\\Admin\\AppData\\Roaming\\Local\\lightning-services\\apache-2.4.43+6\\bin\\win32\\bin\\httpd.exe -d C:/Users/Admin/AppData/Roaming/Local/lightning-services/apache-2.4.43+6/bin/win32 -D FOREGROUND -f C:\\Users\\Admin\\AppData\\Roaming\\Local\\run\\2zPgOmQfQ\\conf\\apache\\apache2.conf'
[Thu Sep 16 09:36:43.998079 2021] [mpm_winnt:notice] [pid 10988:tid 864] AH00418: Parent: Created child process 6916
[Thu Sep 16 09:36:58.775081 2021] [mpm_winnt:notice] [pid 6916:tid 880] AH00354: Child: Starting 64 worker threads.
[Thu Sep 16 09:37:44.938090 2021] [mpm_winnt:notice] [pid 10988:tid 864] AH00428: Parent: child process 6916 exited with status 1 -- Restarting.
[Mon Sep 20 08:56:45.961045 2021] [core:warn] [pid 12668:tid 812] AH00098: pid file C:/Users/Admin/AppData/Roaming/Local/run/2zPgOmQfQ/apache/logs/httpd.pid overwritten -- Unclean shutdown of previous Apache run?
[Mon Sep 20 08:56:45.983045 2021] [mpm_winnt:notice] [pid 12668:tid 812] AH00455: Apache/2.4.43 (Win32) configured -- resuming normal operations
[Mon Sep 20 08:56:45.984045 2021] [mpm_winnt:notice] [pid 12668:tid 812] AH00456: Server built: Apr 21 2020 13:46:54
[Mon Sep 20 08:56:45.984045 2021] [core:notice] [pid 12668:tid 812] AH00094: Command line: 'C:\\Users\\Admin\\AppData\\Roaming\\Local\\lightning-services\\apache-2.4.43+6\\bin\\win32\\bin\\httpd.exe -d C:/Users/Admin/AppData/Roaming/Local/lightning-services/apache-2.4.43+6/bin/win32 -D FOREGROUND -f C:\\Users\\Admin\\AppData\\Roaming\\Local\\run\\2zPgOmQfQ\\conf\\apache\\apache2.conf'
[Mon Sep 20 08:56:45.997046 2021] [mpm_winnt:notice] [pid 12668:tid 812] AH00418: Parent: Created child process 2432
[Mon Sep 20 08:56:50.481053 2021] [mpm_winnt:notice] [pid 2432:tid 808] AH00354: Child: Starting 64 worker threads.
[Mon Sep 20 12:10:56.806262 2021] [core:warn] [pid 4644:tid 824] AH00098: pid file C:/Users/Admin/AppData/Roaming/Local/run/2zPgOmQfQ/apache/logs/httpd.pid overwritten -- Unclean shutdown of previous Apache run?
[Mon Sep 20 12:10:56.986260 2021] [mpm_winnt:notice] [pid 4644:tid 824] AH00455: Apache/2.4.43 (Win32) configured -- resuming normal operations
[Mon Sep 20 12:10:56.986260 2021] [mpm_winnt:notice] [pid 4644:tid 824] AH00456: Server built: Apr 21 2020 13:46:54
[Mon Sep 20 12:10:56.986260 2021] [core:notice] [pid 4644:tid 824] AH00094: Command line: 'C:\\Users\\Admin\\AppData\\Roaming\\Local\\lightning-services\\apache-2.4.43+6\\bin\\win32\\bin\\httpd.exe -d C:/Users/Admin/AppData/Roaming/Local/lightning-services/apache-2.4.43+6/bin/win32 -D FOREGROUND -f C:\\Users\\Admin\\AppData\\Roaming\\Local\\run\\2zPgOmQfQ\\conf\\apache\\apache2.conf'
[Mon Sep 20 12:10:56.999266 2021] [mpm_winnt:notice] [pid 4644:tid 824] AH00418: Parent: Created child process 7332
[Mon Sep 20 12:11:03.736272 2021] [mpm_winnt:notice] [pid 7332:tid 800] AH00354: Child: Starting 64 worker threads.
[Thu Sep 30 09:28:08.039575 2021] [core:warn] [pid 10936:tid 752] AH00098: pid file C:/Users/Admin/AppData/Roaming/Local/run/2zPgOmQfQ/apache/logs/httpd.pid overwritten -- Unclean shutdown of previous Apache run?
[Thu Sep 30 09:28:08.096655 2021] [mpm_winnt:notice] [pid 10936:tid 752] AH00455: Apache/2.4.43 (Win32) configured -- resuming normal operations
[Thu Sep 30 09:28:08.096655 2021] [mpm_winnt:notice] [pid 10936:tid 752] AH00456: Server built: Apr 21 2020 13:46:54
[Thu Sep 30 09:28:08.096655 2021] [core:notice] [pid 10936:tid 752] AH00094: Command line: 'C:\\Users\\Admin\\AppData\\Roaming\\Local\\lightning-services\\apache-2.4.43+6\\bin\\win32\\bin\\httpd.exe -d C:/Users/Admin/AppData/Roaming/Local/lightning-services/apache-2.4.43+6/bin/win32 -D FOREGROUND -f C:\\Users\\Admin\\AppData\\Roaming\\Local\\run\\2zPgOmQfQ\\conf\\apache\\apache2.conf'
[Thu Sep 30 09:28:08.107682 2021] [mpm_winnt:notice] [pid 10936:tid 752] AH00418: Parent: Created child process 8908
[Thu Sep 30 09:28:13.082634 2021] [mpm_winnt:notice] [pid 8908:tid 572] AH00354: Child: Starting 64 worker threads.
[Mon Oct 04 12:34:22.396211 2021] [core:warn] [pid 12532:tid 788] AH00098: pid file C:/Users/Admin/AppData/Roaming/Local/run/2zPgOmQfQ/apache/logs/httpd.pid overwritten -- Unclean shutdown of previous Apache run?
[Mon Oct 04 12:34:22.410213 2021] [mpm_winnt:notice] [pid 12532:tid 788] AH00455: Apache/2.4.43 (Win32) configured -- resuming normal operations
[Mon Oct 04 12:34:22.410213 2021] [mpm_winnt:notice] [pid 12532:tid 788] AH00456: Server built: Apr 21 2020 13:46:54
[Mon Oct 04 12:34:22.410213 2021] [core:notice] [pid 12532:tid 788] AH00094: Command line: 'C:\\Users\\Admin\\AppData\\Roaming\\Local\\lightning-services\\apache-2.4.43+6\\bin\\win32\\bin\\httpd.exe -d C:/Users/Admin/AppData/Roaming/Local/lightning-services/apache-2.4.43+6/bin/win32 -D FOREGROUND -f C:\\Users\\Admin\\AppData\\Roaming\\Local\\run\\2zPgOmQfQ\\conf\\apache\\apache2.conf'
[Mon Oct 04 12:34:22.424214 2021] [mpm_winnt:notice] [pid 12532:tid 788] AH00418: Parent: Created child process 13968
[Mon Oct 04 12:34:27.022588 2021] [mpm_winnt:notice] [pid 13968:tid 824] AH00354: Child: Starting 64 worker threads.
